make all --print-data-base --no-builtin-variables --no-builtin-rules --question
make: *** No rule to make target 'all'.  Stop.

# GNU Make 4.2.1
# Built for x86_64-pc-linux-gnu
# Copyright (C) 1988-2016 Free Software Foundation, Inc.
# License GPLv3+: GNU GPL version 3 or later <http://gnu.org/licenses/gpl.html>
# This is free software: you are free to change and redistribute it.
# There is NO WARRANTY, to the extent permitted by law.

# Make data base, printed on Wed Aug 10 00:08:37 2022

# Variables

# automatic
<D = $(patsubst %/,%,$(dir $<))
# automatic
?F = $(notdir $?)
# default
.SHELLFLAGS := -c
# environment
VSCODE_AGENT_FOLDER = /home/mssn/.vscode-server
# environment
GREP_COLOR = 37;45
# automatic
?D = $(patsubst %/,%,$(dir $?))
# automatic
@D = $(patsubst %/,%,$(dir $@))
# automatic
@F = $(notdir $@)
# makefile
CURDIR := /home/mssn/workspace/personal/runzigc
# makefile
SHELL = /bin/sh
# environment
GUROBI_HOME = /home/mssn/opt/gurobi801/linux64
# environment
VSCODE_NLS_CONFIG = {"locale":"ja","availableLanguages":{"*":"ja"},"_languagePackId":"29207410cd77a70b4b25e4878dda93be.ja","_translationsConfigFile":"/home/mssn/.vscode-server/data/clp/29207410cd77a70b4b25e4878dda93be.ja/tcf.json","_cacheRoot":"/home/mssn/.vscode-server/data/clp/29207410cd77a70b4b25e4878dda93be.ja","_resolvedLanguagePackCoreLocation":"/home/mssn/.vscode-server/data/clp/29207410cd77a70b4b25e4878dda93be.ja/3b889b090b5ad5793f524b5d1d39fda662b96a2a","_corruptedFile":"/home/mssn/.vscode-server/data/clp/29207410cd77a70b4b25e4878dda93be.ja/corrupted.info","_languagePackSupport":true}
# environment
_ = /home/mssn/.vscode-server/bin/3b889b090b5ad5793f524b5d1d39fda662b96a2a/node
# makefile (from 'Makefile', line 1)
MAKEFILE_LIST :=  Makefile
# 'override' directive
GNUMAKEFLAGS := 
# environment
LESS_TERMCAP_se = [0m
# environment
PERL_MM_OPT = INSTALL_BASE=/Users/kotaro/perl5
# environment
INFOPATH = /home/mssn/.linuxbrew/share/info:
# environment
LESSOPEN = | /usr/bin/env lesspipe %s 2>&-
# environment
VSCODE_CWD = /home/mssn
# environment
SSH_CONNECTION = 172.17.192.1 51607 172.17.203.226 10022
# environment
PATH = /home/mssn/.vscode-server/bin/3b889b090b5ad5793f524b5d1d39fda662b96a2a/bin/remote-cli:/home/mssn/.poetry/bin:/usr/local/go/bin:/home/mssn/.bazel/bin:/home/mssn/vcpkg:/home/mssn/.local/bin:/home/mssn/.linuxbrew/bin:/home/mssn/.linuxbrew/sbin:/Users/kotaro/perl5/bin:/usr/local/opt/icu4c/sbin:/usr/local/opt/icu4c/bin:/home/mssn/go/bin:/go/bin:/libexec/gnubin:/home/mssn/.nodebrew/current/bin:/home/mssn/.poetry/bin:/home/mssn/.pyenv/shims:/home/mssn/.pyenv/bin:/home/mssn/.cargo/bin:/usr/local/bin:/usr/local/sbin:/opt/homebrew/bin:/home/mssn/.cargo/bin:/usr/sbin:/usr/bin:/sbin:/bin:/usr/games:/usr/local/games:/snap/bin:/home/mssn/.local/bin:/home/mssn/.node_modules/bin:/home/mssn/.local/share/flutter/bin:/home/mssn/.cquery/bin:/usr/local/opt/llvm/bin:/home/mssn/.cache/dein/repos/github.com/junegunn/fzf/bin:/home/mssn/.getenvoy/builds/standard/1.17.1/linux_glibc/bin:/home/mssn/opt/gurobi801/linux64/bin:/mnt/c/Program Files/Oracle/VirtualBox
# environment
LESS_TERMCAP_mb = [01;31m
# environment
GOPATH = /home/mssn/go
# environment
ELECTRON_RUN_AS_NODE = 1
# environment
PYENV_ROOT = /home/mssn/.pyenv
# environment
VSCODE_IPC_HOOK_CLI = /tmp/vscode-ipc-fb4bd8f2-cac9-4273-be1c-f6f2517afcdb.sock
# default
.FEATURES := target-specific order-only second-expansion else-if shortest-stem undefine oneshell archives jobserver output-sync check-symlink load
# environment
LS_COLORS = 
# environment
CPLUS_INCLUDE_PATH = :/home/mssn/opt/HEAAN/HEAAN/src:/home/mssn/opt/gurobi801/linux64/include
# automatic
%F = $(notdir $%)
# environment
LESS_TERMCAP_me = [0m
# environment
VISUAL = vim
# environment
PWD = /home/mssn/workspace/personal/runzigc
# default
.LOADED := 
# automatic
*D = $(patsubst %/,%,$(dir $*))
# environment
LESS_TERMCAP_ue = [0m
# environment
MANPATH = /home/mssn/.linuxbrew/share/man::
# environment
GREP_COLORS = mt=37;45
# environment
VSCODE_AMD_ENTRYPOINT = vs/workbench/api/node/extensionHostProcess
# environment
PYENV_SHELL = zsh
# environment
HOME = /home/mssn
# environment
LD_LIBRARY_PATH = /home/mssn/.local/lib64:/home/mssn/.local/lib::/home/mssn/opt/HEAAN/HEAAN/lib:/home/mssn/opt/gurobi801/linux64/lib
# environment
HOMEBREW_CELLAR = /home/mssn/.linuxbrew/Cellar
# environment
PERL_LOCAL_LIB_ROOT = /Users/kotaro/perl5
# environment
PERL5LIB = /Users/kotaro/perl5/lib/perl5
# environment
LOGNAME = mssn
# environment
APPLICATION_INSIGHTS_NO_DIAGNOSTIC_CHANNEL = 1
# automatic
+F = $(notdir $+)
# environment
VSCODE_HANDLES_UNCAUGHT_ERRORS = true
# automatic
^D = $(patsubst %/,%,$(dir $^))
# environment
LESS_TERMCAP_md = [01;31m
# environment
MAKELEVEL := 0
# default
MAKE = $(MAKE_COMMAND)
# default
MAKECMDGOALS := all
# environment
SHLVL = 1
# environment
LESS_TERMCAP_so = [00;47;30m
# default
MAKE_VERSION := 4.2.1
# environment
USER = mssn
# makefile
.DEFAULT_GOAL := build
# environment
LESS = -F -g -i -M -R -S -w -X -z-4
# automatic
%D = $(patsubst %/,%,$(dir $%))
# default
MAKE_COMMAND := make
# environment
OLDPWD = /home/mssn
# default
.VARIABLES := 
# automatic
*F = $(notdir $*)
# makefile
MAKEFLAGS = pqrR
# environment
MFLAGS = -pqrR
# environment
SSH_CLIENT = 172.17.192.1 51607 10022
# environment
LESS_TERMCAP_us = [01;32m
# environment
HOMEBREW_PREFIX = /home/mssn/.linuxbrew
# automatic
+D = $(patsubst %/,%,$(dir $+))
# environment
BROWSER = /home/mssn/.vscode-server/bin/3b889b090b5ad5793f524b5d1d39fda662b96a2a/bin/helpers/browser.sh
# environment
HOMEBREW_REPOSITORY = /home/mssn/.linuxbrew/Homebrew
# environment
VSCODE_HANDLES_SIGPIPE = true
# default
MAKEFILES := 
# automatic
<F = $(notdir $<)
# environment
PERL_MB_OPT = --install_base "/Users/kotaro/perl5"
# environment
HOME_LOCAL_ROOT = /home/mssn/.local
# environment
EDITOR = vim
# environment
PAGER = less
# environment
LC_ALL = C
# automatic
^F = $(notdir $^)
# default
SUFFIXES := 
# default
.INCLUDE_DIRS = /usr/include /usr/local/include /usr/include
# default
.RECIPEPREFIX := 
# default
MAKE_HOST := x86_64-pc-linux-gnu
# environment
LANG = C
# environment
VAGRANT_WSL_ENABLE_WINDOWS_ACCESS = 1
# environment
MOTD_SHOWN = pam
# variable set hash-table stats:
# Load=90/1024=9%, Rehash=0, Collisions=12/115=10%

# Pattern-specific Variable Values

# No pattern-specific variable values.

# Directories

# . (device 2048, inode 3941733): 17 files, no impossibilities.

# 17 files, no impossibilities in 1 directories.

# Implicit Rules

# No implicit rules.

# Files

# Not a target:
all:
#  Command line target.
#  Implicit rule search has been done.
#  File does not exist.
#  File has not been updated.

.PHONY: build
#  Implicit rule search has not been done.
#  Modification time never checked.
#  File has not been updated.

# Not a target:
Makefile:
#  Implicit rule search has been done.
#  Last modified 2022-08-06 19:57:06.16
#  File has been updated.
#  Successfully updated.

build:
#  Phony target (prerequisite of .PHONY).
#  Implicit rule search has not been done.
#  File does not exist.
#  File has not been updated.
#  recipe to execute (from 'Makefile', line 3):
	zig build -p ./zig-out

# Not a target:
.DEFAULT:
#  Implicit rule search has not been done.
#  Modification time never checked.
#  File has not been updated.

clean:
#  Implicit rule search has not been done.
#  Modification time never checked.
#  File has not been updated.
#  recipe to execute (from 'Makefile', line 6):
	rm -rf ./zig-out/*

# files hash-table stats:
# Load=7/1024=1%, Rehash=0, Collisions=0/19=0%
# VPATH Search Paths

# No 'vpath' search paths.

# No general ('VPATH' variable) search path.

# strcache buffers: 1 (0) / strings = 25 / storage = 209 B / avg = 8 B
# current buf: size = 8162 B / used = 209 B / count = 25 / avg = 8 B

# strcache performance: lookups = 33 / hit rate = 24%
# hash-table stats:
# Load=25/8192=0%, Rehash=0, Collisions=1/33=3%
# Finished Make data base on Wed Aug 10 00:08:37 2022

 
